[Wed Aug 10 22:55:16.827348 2016] [:error] [pid 5208:tid 2084] [client ::1:50363] PHP Fatal error:  Cannot redeclare childCate() (previously declared in D:\\phpStudy\\WWW\\cms\\Application\\Common\\Common\\function.php:38) in D:\\phpStudy\\WWW\\cms\\Application\\Common\\Common\\function.php on line 63
[Wed Aug 10 23:18:42.658757 2016] [:error] [pid 5208:tid 1540] [client ::1:50759] PHP Fatal error:  Allowed memory size of 134217728 bytes exhausted (tried to allocate 65488 bytes) in D:\\phpStudy\\WWW\\cms\\ThinkPHP\\Library\\Think\\Db\\Driver.class.php on line 510, referer: http://localhost:4040/
[Wed Aug 10 23:56:19.255827 2016] [:error] [pid 5208:tid 1544] [client ::1:51717] PHP Parse error:  syntax error, unexpected ';' in D:\\phpStudy\\WWW\\cms\\Application\\Common\\Model\\AloneModel.class.php on line 80, referer: http://localhost:4040/
[Thu Aug 11 00:36:43.116463 2016] [:error] [pid 5208:tid 1544] [client ::1:55573] PHP Parse error:  syntax error, unexpected ',' in D:\\phpStudy\\WWW\\cms\\Application\\Common\\Model\\ListModel.class.php on line 25, referer: http://localhost:4040/index.php?m=admin&c=admin&=index
[Thu Aug 11 00:37:06.280788 2016] [:error] [pid 5208:tid 1544] [client ::1:55596] PHP Parse error:  syntax error, unexpected ',' in D:\\phpStudy\\WWW\\cms\\Application\\Common\\Model\\ListModel.class.php on line 25, referer: http://localhost:4040/index.php?m=admin&c=admin&=index
[Thu Aug 11 11:30:06.325683 2016] [:error] [pid 3840:tid 2028] [client ::1:50555] PHP Fatal error:  Call to a member function where() on a non-object in D:\\phpStudy\\WWW\\cms\\Application\\Common\\Model\\CateModel.class.php on line 101, referer: http://localhost:4040/
[Thu Aug 11 11:30:28.738965 2016] [:error] [pid 3840:tid 2028] [client ::1:50559] PHP Fatal error:  Call to a member function where() on a non-object in D:\\phpStudy\\WWW\\cms\\Application\\Common\\Model\\CateModel.class.php on line 101, referer: http://localhost:4040/
[Thu Aug 11 11:30:52.498324 2016] [:error] [pid 3840:tid 2028] [client ::1:50567] PHP Fatal error:  Call to a member function where() on a non-object in D:\\phpStudy\\WWW\\cms\\Application\\Common\\Model\\CateModel.class.php on line 101, referer: http://localhost:4040/
[Thu Aug 11 11:30:53.619388 2016] [:error] [pid 3840:tid 2028] [client ::1:50567] PHP Fatal error:  Call to a member function where() on a non-object in D:\\phpStudy\\WWW\\cms\\Application\\Common\\Model\\CateModel.class.php on line 101, referer: http://localhost:4040/
[Thu Aug 11 11:31:25.809229 2016] [:error] [pid 3840:tid 2028] [client ::1:50573] PHP Fatal error:  Call to a member function where() on a non-object in D:\\phpStudy\\WWW\\cms\\Application\\Common\\Model\\CateModel.class.php on line 101, referer: http://localhost:4040/
[Thu Aug 11 11:31:27.686336 2016] [:error] [pid 3840:tid 2028] [client ::1:50573] PHP Fatal error:  Call to a member function where() on a non-object in D:\\phpStudy\\WWW\\cms\\Application\\Common\\Model\\CateModel.class.php on line 101, referer: http://localhost:4040/
[Thu Aug 11 11:31:48.365519 2016] [:error] [pid 3840:tid 2028] [client ::1:50584] PHP Fatal error:  Call to a member function where() on a non-object in D:\\phpStudy\\WWW\\cms\\Application\\Common\\Model\\CateModel.class.php on line 102, referer: http://localhost:4040/
[Tue Aug 30 15:25:11.279566 2016] [:error] [pid 5360:tid 1868] [client ::1:64381] PHP Parse error:  syntax error, unexpected 'list' (T_LIST), expecting identifier (T_STRING) in D:\\phpStudy\\WWW\\cms\\Application\\Chinese\\Controller\\ListController.class.php on line 5, referer: http://localhost:5050/index.php?m=Chinese&c=Index
[Sat Sep 03 09:06:24.739326 2016] [:error] [pid 4136:tid 1908] [client ::1:50403] PHP Parse error:  syntax error, unexpected 'dump' (T_STRING), expecting ';' or '{' in D:\\phpStudy\\WWW\\cms\\Application\\Common\\Model\\ListModel.class.php on line 28, referer: http://localhost:5050/index.php?m=Chinese&c=Index
[Sat Sep 03 09:06:36.386992 2016] [:error] [pid 4136:tid 1908] [client ::1:50412] PHP Parse error:  syntax error, unexpected 'dump' (T_STRING), expecting ';' or '{' in D:\\phpStudy\\WWW\\cms\\Application\\Common\\Model\\ListModel.class.php on line 28, referer: http://localhost:5050/index.php?m=Chinese&c=Index
[Sat Sep 03 09:06:56.733156 2016] [:error] [pid 4136:tid 1880] [client ::1:50427] PHP Parse error:  syntax error, unexpected 'dump' (T_STRING), expecting ';' or '{' in D:\\phpStudy\\WWW\\cms\\Application\\Common\\Model\\ListModel.class.php on line 28, referer: http://localhost:5050/index.php?m=Chinese&c=Index
[Sat Sep 03 16:01:19.138204 2016] [:error] [pid 4136:tid 1880] [client ::1:63683] PHP Parse error:  syntax error, unexpected '}' in D:\\phpStudy\\WWW\\cms\\Application\\Common\\Model\\ListModel.class.php on line 47, referer: http://localhost:5050/index.php?m=admin&c=admin&=index
[Sat Sep 03 16:01:22.690407 2016] [:error] [pid 4136:tid 1880] [client ::1:63683] PHP Parse error:  syntax error, unexpected '}' in D:\\phpStudy\\WWW\\cms\\Application\\Common\\Model\\ListModel.class.php on line 47, referer: http://localhost:5050/index.php?m=admin&c=admin&=index
[Sat Sep 03 16:01:24.496511 2016] [:error] [pid 4136:tid 1880] [client ::1:63683] PHP Parse error:  syntax error, unexpected '}' in D:\\phpStudy\\WWW\\cms\\Application\\Common\\Model\\ListModel.class.php on line 47, referer: http://localhost:5050/index.php?m=admin&c=admin&=index
[Sat Sep 03 16:17:10.346610 2016] [:error] [pid 4136:tid 1840] [client ::1:64146] PHP Fatal error:  Cannot redeclare Common\\Model\\CateModel::getCate() in D:\\phpStudy\\WWW\\cms\\Application\\Common\\Model\\CateModel.class.php on line 87, referer: http://localhost:5050/index.php?m=admin&c=admin&=index
[Mon Sep 12 15:57:25.358654 2016] [:error] [pid 8004:tid 1880] [client ::1:49721] PHP Fatal error:  Cannot redeclare Common\\Model\\ListModel::getCid() in D:\\phpStudy\\WWW\\cms\\Application\\Common\\Model\\ListModel.class.php on line 160, referer: http://localhost:5050/index.php?m=Chinese&c=Index
[Mon Sep 12 15:58:01.675731 2016] [:error] [pid 8004:tid 1880] [client ::1:49733] PHP Fatal error:  Method name must be a string in D:\\phpStudy\\WWW\\cms\\Application\\Common\\Model\\ListModel.class.php on line 27, referer: http://localhost:5050/index.php?m=Chinese&c=Index
[Tue Sep 13 15:53:30.912772 2016] [:error] [pid 8004:tid 1892] [client ::1:55936] PHP Parse error:  syntax error, unexpected ';' in D:\\phpStudy\\WWW\\cms\\Application\\Admin\\Controller\\BannerController.class.php on line 53, referer: http://localhost:5050/index.php?m=admin&c=admin
[Tue Sep 13 15:53:56.843255 2016] [:error] [pid 8004:tid 1892] [client ::1:55940] PHP Parse error:  syntax error, unexpected ';' in D:\\phpStudy\\WWW\\cms\\Application\\Admin\\Controller\\BannerController.class.php on line 59, referer: http://localhost:5050/index.php?m=admin&c=admin
[Tue Sep 13 15:54:03.227621 2016] [:error] [pid 8004:tid 1892] [client ::1:55941] PHP Parse error:  syntax error, unexpected ';' in D:\\phpStudy\\WWW\\cms\\Application\\Admin\\Controller\\BannerController.class.php on line 59, referer: http://localhost:5050/index.php?m=admin&c=admin
[Tue Sep 13 15:54:03.866657 2016] [:error] [pid 8004:tid 1892] [client ::1:55941] PHP Parse error:  syntax error, unexpected ';' in D:\\phpStudy\\WWW\\cms\\Application\\Admin\\Controller\\BannerController.class.php on line 59, referer: http://localhost:5050/index.php?m=admin&c=admin
[Tue Sep 13 15:54:04.809711 2016] [:error] [pid 8004:tid 1892] [client ::1:55941] PHP Parse error:  syntax error, unexpected ';' in D:\\phpStudy\\WWW\\cms\\Application\\Admin\\Controller\\BannerController.class.php on line 59, referer: http://localhost:5050/index.php?m=admin&c=admin
[Tue Sep 13 15:54:05.692762 2016] [:error] [pid 8004:tid 1892] [client ::1:55941] PHP Parse error:  syntax error, unexpected ';' in D:\\phpStudy\\WWW\\cms\\Application\\Admin\\Controller\\BannerController.class.php on line 59, referer: http://localhost:5050/index.php?m=admin&c=admin
[Tue Sep 13 15:54:06.183790 2016] [:error] [pid 8004:tid 1892] [client ::1:55941] PHP Parse error:  syntax error, unexpected ';' in D:\\phpStudy\\WWW\\cms\\Application\\Admin\\Controller\\BannerController.class.php on line 59, referer: http://localhost:5050/index.php?m=admin&c=admin
[Tue Sep 13 16:21:25.535555 2016] [:error] [pid 8004:tid 1856] [client ::1:56512] PHP Parse error:  syntax error, unexpected 'else' (T_ELSE), expecting function (T_FUNCTION) in D:\\phpStudy\\WWW\\cms\\Application\\Common\\Model\\BannerModel.class.php on line 30, referer: http://localhost:5050/index.php?m=admin&c=admin
[Tue Sep 13 16:31:41.212770 2016] [:error] [pid 8004:tid 1880] [client ::1:56738] PHP Parse error:  syntax error, unexpected end of file, expecting function (T_FUNCTION) in D:\\phpStudy\\WWW\\cms\\Application\\Admin\\Controller\\BannerController.class.php on line 73, referer: http://localhost:5050/index.php?m=admin&c=admin
[Tue Sep 13 16:32:21.736088 2016] [:error] [pid 8004:tid 1880] [client ::1:56740] PHP Parse error:  syntax error, unexpected end of file, expecting function (T_FUNCTION) in D:\\phpStudy\\WWW\\cms\\Application\\Admin\\Controller\\BannerController.class.php on line 73, referer: http://localhost:5050/index.php?m=admin&c=admin
[Tue Sep 13 16:32:22.717144 2016] [:error] [pid 8004:tid 1880] [client ::1:56740] PHP Parse error:  syntax error, unexpected end of file, expecting function (T_FUNCTION) in D:\\phpStudy\\WWW\\cms\\Application\\Admin\\Controller\\BannerController.class.php on line 73, referer: http://localhost:5050/index.php?m=admin&c=admin
[Tue Sep 13 16:32:22.914155 2016] [:error] [pid 8004:tid 1880] [client ::1:56740] PHP Parse error:  syntax error, unexpected end of file, expecting function (T_FUNCTION) in D:\\phpStudy\\WWW\\cms\\Application\\Admin\\Controller\\BannerController.class.php on line 73, referer: http://localhost:5050/index.php?m=admin&c=admin
[Tue Sep 13 16:32:23.114167 2016] [:error] [pid 8004:tid 1880] [client ::1:56740] PHP Parse error:  syntax error, unexpected end of file, expecting function (T_FUNCTION) in D:\\phpStudy\\WWW\\cms\\Application\\Admin\\Controller\\BannerController.class.php on line 73, referer: http://localhost:5050/index.php?m=admin&c=admin
[Tue Sep 13 16:33:08.109740 2016] [:error] [pid 8004:tid 1880] [client ::1:56760] PHP Parse error:  syntax error, unexpected end of file, expecting function (T_FUNCTION) in D:\\phpStudy\\WWW\\cms\\Application\\Admin\\Controller\\BannerController.class.php on line 73, referer: http://localhost:5050/index.php?m=admin&c=admin
[Tue Sep 13 16:33:08.837782 2016] [:error] [pid 8004:tid 1880] [client ::1:56760] PHP Parse error:  syntax error, unexpected end of file, expecting function (T_FUNCTION) in D:\\phpStudy\\WWW\\cms\\Application\\Admin\\Controller\\BannerController.class.php on line 73, referer: http://localhost:5050/index.php?m=admin&c=admin
[Tue Sep 13 16:33:09.074795 2016] [:error] [pid 8004:tid 1880] [client ::1:56760] PHP Parse error:  syntax error, unexpected end of file, expecting function (T_FUNCTION) in D:\\phpStudy\\WWW\\cms\\Application\\Admin\\Controller\\BannerController.class.php on line 73, referer: http://localhost:5050/index.php?m=admin&c=admin
[Tue Sep 13 16:33:18.182316 2016] [:error] [pid 8004:tid 1880] [client ::1:56764] PHP Parse error:  syntax error, unexpected end of file, expecting function (T_FUNCTION) in D:\\phpStudy\\WWW\\cms\\Application\\Admin\\Controller\\BannerController.class.php on line 73, referer: http://localhost:5050/index.php?m=admin&c=admin
[Tue Sep 13 16:33:18.855355 2016] [:error] [pid 8004:tid 1880] [client ::1:56764] PHP Parse error:  syntax error, unexpected end of file, expecting function (T_FUNCTION) in D:\\phpStudy\\WWW\\cms\\Application\\Admin\\Controller\\BannerController.class.php on line 73, referer: http://localhost:5050/index.php?m=admin&c=admin
[Tue Sep 13 16:33:19.354383 2016] [:error] [pid 8004:tid 1880] [client ::1:56764] PHP Parse error:  syntax error, unexpected end of file, expecting function (T_FUNCTION) in D:\\phpStudy\\WWW\\cms\\Application\\Admin\\Controller\\BannerController.class.php on line 73, referer: http://localhost:5050/index.php?m=admin&c=admin
[Tue Sep 13 16:33:19.737405 2016] [:error] [pid 8004:tid 1880] [client ::1:56764] PHP Parse error:  syntax error, unexpected end of file, expecting function (T_FUNCTION) in D:\\phpStudy\\WWW\\cms\\Application\\Admin\\Controller\\BannerController.class.php on line 73, referer: http://localhost:5050/index.php?m=admin&c=admin
[Thu Sep 15 02:28:40.721512 2016] [:error] [pid 6668:tid 1680] [client ::1:61220] PHP Parse error:  syntax error, unexpected ',' in D:\\phpStudy\\WWW\\zdm\\Application\\Admin\\Controller\\ListController.class.php on line 42, referer: http://localhost:5050/index.php?m=admin&c=admin
[Thu Sep 15 02:29:34.392582 2016] [:error] [pid 6668:tid 1680] [client ::1:61242] PHP Parse error:  syntax error, unexpected ',' in D:\\phpStudy\\WWW\\zdm\\Application\\Admin\\Controller\\ListController.class.php on line 42, referer: http://localhost:5050/index.php?m=admin&c=admin
[Thu Sep 15 02:29:40.298919 2016] [:error] [pid 6668:tid 1680] [client ::1:61244] PHP Parse error:  syntax error, unexpected ',' in D:\\phpStudy\\WWW\\zdm\\Application\\Admin\\Controller\\ListController.class.php on line 42, referer: http://localhost:5050/index.php?m=admin&c=admin
[Thu Sep 15 02:29:54.692743 2016] [:error] [pid 6668:tid 1680] [client ::1:61248] PHP Parse error:  syntax error, unexpected ',' in D:\\phpStudy\\WWW\\zdm\\Application\\Admin\\Controller\\ListController.class.php on line 42, referer: http://localhost:5050/index.php?m=admin&c=admin
[Thu Sep 15 14:37:29.535053 2016] [:error] [pid 6668:tid 1896] [client ::1:51208] PHP Parse error:  syntax error, unexpected '$this' (T_VARIABLE) in D:\\phpStudy\\WWW\\zdm\\Application\\Common\\Model\\AloneModel.class.php on line 96, referer: http://localhost:5050/index.php?m=Chinese&c=Index&a=cate&id=1
[Sat Sep 17 01:05:22.680661 2016] [:error] [pid 1956:tid 1896] [client ::1:58869] PHP Parse error:  syntax error, unexpected '}' in D:\\phpStudy\\WWW\\zdm\\Application\\Common\\Model\\CateModel.class.php on line 45, referer: http://localhost:5050/index.php?m=Chinese&c=Index&a=cate&id=1
[Mon Sep 19 15:29:23.069400 2016] [:error] [pid 7408:tid 1868] [client ::1:55624] PHP Parse error:  syntax error, unexpected ',' in D:\\phpStudy\\WWW\\zdm\\Application\\Chinese\\Controller\\IndexController.class.php on line 50
[Mon Sep 19 15:29:42.893534 2016] [:error] [pid 7408:tid 1848] [client ::1:55642] PHP Parse error:  syntax error, unexpected ',' in D:\\phpStudy\\WWW\\zdm\\Application\\Chinese\\Controller\\IndexController.class.php on line 52
[Fri Sep 23 01:15:49.482444 2016] [:error] [pid 2280:tid 1880] [client ::1:50462] PHP Parse error:  syntax error, unexpected ';' in D:\\phpStudy\\WWW\\zdm\\Application\\Chinese\\Controller\\IndexController.class.php on line 78, referer: http://localhost:5050/index.php?m=chinese
[Fri Sep 23 01:15:56.002817 2016] [:error] [pid 2280:tid 1880] [client ::1:50464] PHP Parse error:  syntax error, unexpected ';' in D:\\phpStudy\\WWW\\zdm\\Application\\Chinese\\Controller\\IndexController.class.php on line 75, referer: http://localhost:5050/index.php?m=chinese
[Fri Sep 23 01:39:38.363172 2016] [:error] [pid 2280:tid 1896] [client ::1:51360] PHP Parse error:  syntax error, unexpected ';' in D:\\phpStudy\\WWW\\zdm\\Application\\Chinese\\Controller\\IndexController.class.php on line 75, referer: http://localhost:5050/index.php?m=Chinese&c=Index&a=cate&id=16
[Sat Oct 08 11:13:55.282137 2016] [:error] [pid 5932:tid 1908] [client ::1:53695] PHP Fatal error:  Cannot redeclare Common\\Model\\ListModel::getCid() in D:\\phpStudy\\WWW\\zdm\\Application\\Common\\Model\\ListModel.class.php on line 79, referer: http://localhost:5050/index.php?m=Chinese&c=Index&a=cate&id=2
[Wed Oct 12 09:50:56.905690 2016] [:error] [pid 4248:tid 1848] [client ::1:53092] PHP Fatal error:  Cannot redeclare Common\\Model\\CateModel::topCateList1() in D:\\phpStudy\\WWW\\zdm\\Application\\Common\\Model\\CateModel.class.php on line 98, referer: http://localhost:5050/index.php?m=admin&c=admin&=index
[Wed Oct 12 15:12:00.969282 2016] [:error] [pid 4248:tid 1840] [client ::1:58265] PHP Fatal error:  Access to undeclared static property: Chinese\\Controller\\IndexController::$lang in D:\\phpStudy\\WWW\\zdm\\Application\\Chinese\\Controller\\IndexController.class.php on line 10, referer: http://localhost:5050/index.php?m=Chinese&c=Index&a=index
[Wed Oct 12 15:22:57.545836 2016] [:error] [pid 4248:tid 1840] [client ::1:59023] PHP Parse error:  syntax error, unexpected '=', expecting ',' or ';' in D:\\phpStudy\\WWW\\zdm\\Application\\Chinese\\Controller\\IndexController.class.php on line 8, referer: http://localhost:5050/index.php?m=Chinese&c=Index&a=index
[Wed Oct 12 15:22:57.549836 2016] [:error] [pid 4248:tid 1832] [client ::1:59027] PHP Parse error:  syntax error, unexpected '=', expecting ',' or ';' in D:\\phpStudy\\WWW\\zdm\\Application\\Chinese\\Controller\\IndexController.class.php on line 8, referer: http://localhost:5050/index.php?m=Chinese&c=Index&a=index
[Wed Oct 12 15:22:57.561837 2016] [:error] [pid 4248:tid 1816] [client ::1:59026] PHP Parse error:  syntax error, unexpected '=', expecting ',' or ';' in D:\\phpStudy\\WWW\\zdm\\Application\\Chinese\\Controller\\IndexController.class.php on line 8, referer: http://localhost:5050/index.php?m=Chinese&c=Index&a=index
[Wed Oct 12 15:22:59.843967 2016] [:error] [pid 4248:tid 1840] [client ::1:59023] PHP Parse error:  syntax error, unexpected '=', expecting ',' or ';' in D:\\phpStudy\\WWW\\zdm\\Application\\Chinese\\Controller\\IndexController.class.php on line 8, referer: http://localhost:5050/index.php?m=Chinese&c=Index&a=index
[Wed Oct 12 15:37:34.213978 2016] [:error] [pid 4248:tid 1816] [client ::1:59494] PHP Parse error:  syntax error, unexpected 'global' (T_GLOBAL), expecting function (T_FUNCTION) in D:\\phpStudy\\WWW\\zdm\\Application\\Chinese\\Controller\\IndexController.class.php on line 6, referer: http://localhost:5050/index.php?m=Chinese&c=Index&a=index
[Wed Oct 12 15:38:14.761298 2016] [:error] [pid 4248:tid 1872] [client ::1:59536] PHP Parse error:  syntax error, unexpected '$lang' (T_VARIABLE), expecting function (T_FUNCTION) in D:\\phpStudy\\WWW\\zdm\\Application\\Chinese\\Controller\\IndexController.class.php on line 6, referer: http://localhost:5050/index.php?m=Chinese&c=Index&a=index
[Wed Oct 12 15:39:15.722784 2016] [:error] [pid 4248:tid 1872] [client ::1:59544] PHP Parse error:  syntax error, unexpected '=', expecting ',' or ';' in D:\\phpStudy\\WWW\\zdm\\index.php on line 22, referer: http://localhost:5050/index.php?m=Chinese&c=Index&a=index
[Wed Oct 12 15:39:30.372622 2016] [:error] [pid 4248:tid 1872] [client ::1:59555] PHP Parse error:  syntax error, unexpected '=', expecting ',' or ';' in D:\\phpStudy\\WWW\\zdm\\Application\\Chinese\\Controller\\IndexController.class.php on line 10, referer: http://localhost:5050/index.php?m=Chinese&c=Index&a=index
[Thu Oct 13 08:32:49.334205 2016] [:error] [pid 4244:tid 2020] [client ::1:64687] PHP Fatal error:  Call to a member function assign() on a non-object in D:\\phpStudy\\WWW\\zdm\\ThinkPHP\\Library\\Think\\Controller.class.php on line 122, referer: http://localhost:5050/index.php?m=Chinese&c=Index&a=index
[Thu Oct 13 08:36:32.588974 2016] [:error] [pid 4244:tid 2024] [client ::1:64826] PHP Fatal error:  Call to a member function assign() on a non-object in D:\\phpStudy\\WWW\\zdm\\ThinkPHP\\Library\\Think\\Controller.class.php on line 122
[Thu Oct 13 08:37:01.188354 2016] [:error] [pid 4244:tid 2004] [client ::1:64838] PHP Fatal error:  Call to a member function assign() on a non-object in D:\\phpStudy\\WWW\\zdm\\ThinkPHP\\Library\\Think\\Controller.class.php on line 122
[Thu Oct 13 08:37:39.977652 2016] [:error] [pid 4244:tid 2024] [client ::1:64847] PHP Fatal error:  Call to a member function assign() on a non-object in D:\\phpStudy\\WWW\\zdm\\ThinkPHP\\Library\\Think\\Controller.class.php on line 122
