[ 2016-10-13T08:25:45+08:00 ] ::1 /
INFO: [ app_init ] --START--
INFO: Run Behavior\BuildLiteBehavior [ RunTime:0.000000s ]
INFO: [ app_init ] --END-- [ RunTime:0.000000s ]
INFO: [ app_begin ] --START--
INFO: Run Behavior\ReadHtmlCacheBehavior [ RunTime:0.000000s ]
INFO: [ app_begin ] --END-- [ RunTime:0.000000s ]
SQL: SELECT * FROM cate c INNER JOIN type t on c.tid=t.tid   WHERE ( c.parent=0 and c.hide=1 ) ORDER BY c.order1  [ RunTime:0.0700s ]
SQL: SELECT * FROM cate c INNER JOIN type t on c.tid=t.tid   WHERE ( c.parent=0 and c.hide=1 ) ORDER BY c.order1  [ RunTime:0.0100s ]
SQL: SELECT * FROM cate c INNER JOIN type t on c.tid=t.tid   WHERE ( c.parent=1 ) ORDER BY c.order1  [ RunTime:0.0100s ]
SQL: SELECT * FROM cate c INNER JOIN type t on c.tid=t.tid   WHERE ( c.parent=8 ) ORDER BY c.order1  [ RunTime:0.0100s ]
SQL: SELECT * FROM cate c INNER JOIN type t on c.tid=t.tid   WHERE ( c.parent=9 ) ORDER BY c.order1  [ RunTime:0.0000s ]
SQL: SELECT * FROM cate c INNER JOIN type t on c.tid=t.tid   WHERE ( c.parent=10 ) ORDER BY c.order1  [ RunTime:0.0100s ]
SQL: SELECT * FROM cate c INNER JOIN type t on c.tid=t.tid   WHERE ( c.parent=2 ) ORDER BY c.order1  [ RunTime:0.0100s ]
SQL: SELECT * FROM cate c INNER JOIN type t on c.tid=t.tid   WHERE ( c.parent=11 ) ORDER BY c.order1  [ RunTime:0.0000s ]
SQL: SELECT * FROM cate c INNER JOIN type t on c.tid=t.tid   WHERE ( c.parent=24 ) ORDER BY c.order1  [ RunTime:0.0000s ]
SQL: SELECT * FROM cate c INNER JOIN type t on c.tid=t.tid   WHERE ( c.parent=12 ) ORDER BY c.order1  [ RunTime:0.0100s ]
SQL: SELECT * FROM cate c INNER JOIN type t on c.tid=t.tid   WHERE ( c.parent=13 ) ORDER BY c.order1  [ RunTime:0.0100s ]
SQL: SELECT * FROM cate c INNER JOIN type t on c.tid=t.tid   WHERE ( c.parent=14 ) ORDER BY c.order1  [ RunTime:0.0000s ]
SQL: SELECT * FROM cate c INNER JOIN type t on c.tid=t.tid   WHERE ( c.parent=15 ) ORDER BY c.order1  [ RunTime:0.0100s ]
SQL: SELECT * FROM cate c INNER JOIN type t on c.tid=t.tid   WHERE ( c.parent=16 ) ORDER BY c.order1  [ RunTime:0.0100s ]
SQL: SELECT * FROM cate c INNER JOIN type t on c.tid=t.tid   WHERE ( c.parent=4 ) ORDER BY c.order1  [ RunTime:0.0100s ]
SQL: SELECT * FROM cate c INNER JOIN type t on c.tid=t.tid   WHERE ( c.parent=19 ) ORDER BY c.order1  [ RunTime:0.0100s ]
SQL: SELECT * FROM cate c INNER JOIN type t on c.tid=t.tid   WHERE ( c.parent=5 ) ORDER BY c.order1  [ RunTime:0.0000s ]
SQL: SELECT * FROM cate c INNER JOIN type t on c.tid=t.tid   WHERE ( c.parent=20 ) ORDER BY c.order1  [ RunTime:0.0100s ]
SQL: SELECT * FROM cate c INNER JOIN type t on c.tid=t.tid   WHERE ( c.parent=6 ) ORDER BY c.order1  [ RunTime:0.0100s ]
SQL: SELECT * FROM cate c INNER JOIN type t on c.tid=t.tid   WHERE ( c.parent=21 ) ORDER BY c.order1  [ RunTime:0.0000s ]
SQL: SELECT * FROM cate c INNER JOIN type t on c.tid=t.tid   WHERE ( c.parent=22 ) ORDER BY c.order1  [ RunTime:0.0100s ]
SQL: SELECT * FROM cate c INNER JOIN type t on c.tid=t.tid   WHERE ( c.parent=7 ) ORDER BY c.order1  [ RunTime:0.0100s ]
SQL: SELECT * FROM cate c INNER JOIN type t on c.tid=t.tid   WHERE ( c.parent=23 ) ORDER BY c.order1  [ RunTime:0.0100s ]
SQL: SELECT * FROM cate c INNER JOIN type t on c.tid=t.tid   WHERE ( c.parent=27 ) ORDER BY c.order1  [ RunTime:0.0000s ]
SQL: SELECT * FROM cate c INNER JOIN type t on c.tid=t.tid   WHERE ( c.parent=28 ) ORDER BY c.order1  [ RunTime:0.0100s ]
INFO: [ view_parse ] --START--
INFO: [ template_filter ] --START--
INFO: Run Behavior\ContentReplaceBehavior [ RunTime:0.000000s ]
INFO: [ template_filter ] --END-- [ RunTime:0.000000s ]
INFO: Run Behavior\ParseTemplateBehavior [ RunTime:0.040000s ]
INFO: [ view_parse ] --END-- [ RunTime:0.040000s ]
INFO: [ view_filter ] --START--
INFO: Run Behavior\WriteHtmlCacheBehavior [ RunTime:0.010001s ]
INFO: [ view_filter ] --END-- [ RunTime:0.010001s ]
INFO: [ app_end ] --START--
INFO: Run Behavior\ShowPageTraceBehavior [ RunTime:0.010000s ]
INFO: [ app_end ] --END-- [ RunTime:0.010000s ]

[ 2016-10-13T08:29:04+08:00 ] ::1 /
INFO: [ app_init ] --START--
INFO: Run Behavior\BuildLiteBehavior [ RunTime:0.001000s ]
INFO: [ app_init ] --END-- [ RunTime:0.001000s ]
INFO: [ app_begin ] --START--
INFO: Run Behavior\ReadHtmlCacheBehavior [ RunTime:0.001000s ]
INFO: [ app_begin ] --END-- [ RunTime:0.001000s ]
SQL: SELECT * FROM cate c INNER JOIN type t on c.tid=t.tid   WHERE ( c.parent=0 and c.hide=1 ) ORDER BY c.order1  [ RunTime:0.0080s ]
SQL: SELECT * FROM cate c INNER JOIN type t on c.tid=t.tid   WHERE ( c.parent=0 and c.hide=1 ) ORDER BY c.order1  [ RunTime:0.0080s ]
SQL: SELECT * FROM cate c INNER JOIN type t on c.tid=t.tid   WHERE ( c.parent=1 ) ORDER BY c.order1  [ RunTime:0.0070s ]
SQL: SELECT * FROM cate c INNER JOIN type t on c.tid=t.tid   WHERE ( c.parent=8 ) ORDER BY c.order1  [ RunTime:0.0070s ]
SQL: SELECT * FROM cate c INNER JOIN type t on c.tid=t.tid   WHERE ( c.parent=9 ) ORDER BY c.order1  [ RunTime:0.0070s ]
SQL: SELECT * FROM cate c INNER JOIN type t on c.tid=t.tid   WHERE ( c.parent=10 ) ORDER BY c.order1  [ RunTime:0.0080s ]
SQL: SELECT * FROM cate c INNER JOIN type t on c.tid=t.tid   WHERE ( c.parent=45 ) ORDER BY c.order1  [ RunTime:0.0060s ]
SQL: SELECT * FROM cate c INNER JOIN type t on c.tid=t.tid   WHERE ( c.parent=46 ) ORDER BY c.order1  [ RunTime:0.0060s ]
SQL: SELECT * FROM cate c INNER JOIN type t on c.tid=t.tid   WHERE ( c.parent=41 ) ORDER BY c.order1  [ RunTime:0.0070s ]
SQL: SELECT * FROM cate c INNER JOIN type t on c.tid=t.tid   WHERE ( c.parent=42 ) ORDER BY c.order1  [ RunTime:0.0070s ]
SQL: SELECT * FROM cate c INNER JOIN type t on c.tid=t.tid   WHERE ( c.parent=2 ) ORDER BY c.order1  [ RunTime:0.0070s ]
SQL: SELECT * FROM cate c INNER JOIN type t on c.tid=t.tid   WHERE ( c.parent=11 ) ORDER BY c.order1  [ RunTime:0.0070s ]
SQL: SELECT * FROM cate c INNER JOIN type t on c.tid=t.tid   WHERE ( c.parent=36 ) ORDER BY c.order1  [ RunTime:0.0060s ]
SQL: SELECT * FROM cate c INNER JOIN type t on c.tid=t.tid   WHERE ( c.parent=37 ) ORDER BY c.order1  [ RunTime:0.0060s ]
SQL: SELECT * FROM cate c INNER JOIN type t on c.tid=t.tid   WHERE ( c.parent=38 ) ORDER BY c.order1  [ RunTime:0.0080s ]
SQL: SELECT * FROM cate c INNER JOIN type t on c.tid=t.tid   WHERE ( c.parent=39 ) ORDER BY c.order1  [ RunTime:0.0080s ]
SQL: SELECT * FROM cate c INNER JOIN type t on c.tid=t.tid   WHERE ( c.parent=40 ) ORDER BY c.order1  [ RunTime:0.0080s ]
SQL: SELECT * FROM cate c INNER JOIN type t on c.tid=t.tid   WHERE ( c.parent=12 ) ORDER BY c.order1  [ RunTime:0.0070s ]
SQL: SELECT * FROM cate c INNER JOIN type t on c.tid=t.tid   WHERE ( c.parent=49 ) ORDER BY c.order1  [ RunTime:0.0080s ]
SQL: SELECT * FROM cate c INNER JOIN type t on c.tid=t.tid   WHERE ( c.parent=13 ) ORDER BY c.order1  [ RunTime:0.0070s ]
SQL: SELECT * FROM cate c INNER JOIN type t on c.tid=t.tid   WHERE ( c.parent=15 ) ORDER BY c.order1  [ RunTime:0.0070s ]
SQL: SELECT * FROM cate c INNER JOIN type t on c.tid=t.tid   WHERE ( c.parent=16 ) ORDER BY c.order1  [ RunTime:0.0070s ]
SQL: SELECT * FROM cate c INNER JOIN type t on c.tid=t.tid   WHERE ( c.parent=4 ) ORDER BY c.order1  [ RunTime:0.0070s ]
SQL: SELECT * FROM cate c INNER JOIN type t on c.tid=t.tid   WHERE ( c.parent=19 ) ORDER BY c.order1  [ RunTime:0.0060s ]
SQL: SELECT * FROM cate c INNER JOIN type t on c.tid=t.tid   WHERE ( c.parent=43 ) ORDER BY c.order1  [ RunTime:0.0060s ]
SQL: SELECT * FROM cate c INNER JOIN type t on c.tid=t.tid   WHERE ( c.parent=5 ) ORDER BY c.order1  [ RunTime:0.0080s ]
SQL: SELECT * FROM cate c INNER JOIN type t on c.tid=t.tid   WHERE ( c.parent=20 ) ORDER BY c.order1  [ RunTime:0.0070s ]
SQL: SELECT * FROM cate c INNER JOIN type t on c.tid=t.tid   WHERE ( c.parent=44 ) ORDER BY c.order1  [ RunTime:0.0070s ]
SQL: SELECT * FROM cate c INNER JOIN type t on c.tid=t.tid   WHERE ( c.parent=6 ) ORDER BY c.order1  [ RunTime:0.0090s ]
SQL: SELECT * FROM cate c INNER JOIN type t on c.tid=t.tid   WHERE ( c.parent=21 ) ORDER BY c.order1  [ RunTime:0.0070s ]
SQL: SELECT * FROM cate c INNER JOIN type t on c.tid=t.tid   WHERE ( c.parent=22 ) ORDER BY c.order1  [ RunTime:0.0070s ]
SQL: SELECT * FROM cate c INNER JOIN type t on c.tid=t.tid   WHERE ( c.parent=7 ) ORDER BY c.order1  [ RunTime:0.0080s ]
SQL: SELECT * FROM cate c INNER JOIN type t on c.tid=t.tid   WHERE ( c.parent=47 ) ORDER BY c.order1  [ RunTime:0.0090s ]
INFO: [ view_parse ] --START--
INFO: [ template_filter ] --START--
INFO: Run Behavior\ContentReplaceBehavior [ RunTime:0.000000s ]
INFO: [ template_filter ] --END-- [ RunTime:0.000000s ]
INFO: Run Behavior\ParseTemplateBehavior [ RunTime:0.011001s ]
INFO: [ view_parse ] --END-- [ RunTime:0.011001s ]
INFO: [ view_filter ] --START--
INFO: Run Behavior\WriteHtmlCacheBehavior [ RunTime:0.001000s ]
INFO: [ view_filter ] --END-- [ RunTime:0.001000s ]
INFO: [ app_end ] --START--
INFO: Run Behavior\ShowPageTraceBehavior [ RunTime:0.001000s ]
INFO: [ app_end ] --END-- [ RunTime:0.001000s ]

[ 2016-10-13T08:33:33+08:00 ] ::1 /
INFO: [ app_init ] --START--
INFO: Run Behavior\BuildLiteBehavior [ RunTime:0.000000s ]
INFO: [ app_init ] --END-- [ RunTime:0.000000s ]
INFO: [ app_begin ] --START--
INFO: Run Behavior\ReadHtmlCacheBehavior [ RunTime:0.001000s ]
INFO: [ app_begin ] --END-- [ RunTime:0.001000s ]
SQL: SELECT * FROM cate c INNER JOIN type t on c.tid=t.tid   WHERE ( c.parent=0 and c.hide=1 ) ORDER BY c.order1  [ RunTime:0.0130s ]
SQL: SELECT * FROM cate c INNER JOIN type t on c.tid=t.tid   WHERE ( c.parent=0 and c.hide=1 ) ORDER BY c.order1  [ RunTime:0.0090s ]
SQL: SELECT * FROM cate c INNER JOIN type t on c.tid=t.tid   WHERE ( c.parent=1 ) ORDER BY c.order1  [ RunTime:0.0090s ]
SQL: SELECT * FROM cate c INNER JOIN type t on c.tid=t.tid   WHERE ( c.parent=8 ) ORDER BY c.order1  [ RunTime:0.0100s ]
SQL: SELECT * FROM cate c INNER JOIN type t on c.tid=t.tid   WHERE ( c.parent=9 ) ORDER BY c.order1  [ RunTime:0.0100s ]
SQL: SELECT * FROM cate c INNER JOIN type t on c.tid=t.tid   WHERE ( c.parent=10 ) ORDER BY c.order1  [ RunTime:0.0070s ]
SQL: SELECT * FROM cate c INNER JOIN type t on c.tid=t.tid   WHERE ( c.parent=45 ) ORDER BY c.order1  [ RunTime:0.0070s ]
SQL: SELECT * FROM cate c INNER JOIN type t on c.tid=t.tid   WHERE ( c.parent=46 ) ORDER BY c.order1  [ RunTime:0.0090s ]
SQL: SELECT * FROM cate c INNER JOIN type t on c.tid=t.tid   WHERE ( c.parent=41 ) ORDER BY c.order1  [ RunTime:0.0070s ]
SQL: SELECT * FROM cate c INNER JOIN type t on c.tid=t.tid   WHERE ( c.parent=42 ) ORDER BY c.order1  [ RunTime:0.0070s ]
SQL: SELECT * FROM cate c INNER JOIN type t on c.tid=t.tid   WHERE ( c.parent=2 ) ORDER BY c.order1  [ RunTime:0.0080s ]
SQL: SELECT * FROM cate c INNER JOIN type t on c.tid=t.tid   WHERE ( c.parent=11 ) ORDER BY c.order1  [ RunTime:0.0080s ]
SQL: SELECT * FROM cate c INNER JOIN type t on c.tid=t.tid   WHERE ( c.parent=36 ) ORDER BY c.order1  [ RunTime:0.0070s ]
SQL: SELECT * FROM cate c INNER JOIN type t on c.tid=t.tid   WHERE ( c.parent=37 ) ORDER BY c.order1  [ RunTime:0.0070s ]
SQL: SELECT * FROM cate c INNER JOIN type t on c.tid=t.tid   WHERE ( c.parent=38 ) ORDER BY c.order1  [ RunTime:0.0070s ]
SQL: SELECT * FROM cate c INNER JOIN type t on c.tid=t.tid   WHERE ( c.parent=39 ) ORDER BY c.order1  [ RunTime:0.0090s ]
SQL: SELECT * FROM cate c INNER JOIN type t on c.tid=t.tid   WHERE ( c.parent=40 ) ORDER BY c.order1  [ RunTime:0.0090s ]
SQL: SELECT * FROM cate c INNER JOIN type t on c.tid=t.tid   WHERE ( c.parent=12 ) ORDER BY c.order1  [ RunTime:0.0080s ]
SQL: SELECT * FROM cate c INNER JOIN type t on c.tid=t.tid   WHERE ( c.parent=49 ) ORDER BY c.order1  [ RunTime:0.0070s ]
SQL: SELECT * FROM cate c INNER JOIN type t on c.tid=t.tid   WHERE ( c.parent=13 ) ORDER BY c.order1  [ RunTime:0.0070s ]
SQL: SELECT * FROM cate c INNER JOIN type t on c.tid=t.tid   WHERE ( c.parent=15 ) ORDER BY c.order1  [ RunTime:0.0070s ]
SQL: SELECT * FROM cate c INNER JOIN type t on c.tid=t.tid   WHERE ( c.parent=16 ) ORDER BY c.order1  [ RunTime:0.0070s ]
SQL: SELECT * FROM cate c INNER JOIN type t on c.tid=t.tid   WHERE ( c.parent=4 ) ORDER BY c.order1  [ RunTime:0.0070s ]
SQL: SELECT * FROM cate c INNER JOIN type t on c.tid=t.tid   WHERE ( c.parent=19 ) ORDER BY c.order1  [ RunTime:0.0080s ]
SQL: SELECT * FROM cate c INNER JOIN type t on c.tid=t.tid   WHERE ( c.parent=43 ) ORDER BY c.order1  [ RunTime:0.0070s ]
SQL: SELECT * FROM cate c INNER JOIN type t on c.tid=t.tid   WHERE ( c.parent=5 ) ORDER BY c.order1  [ RunTime:0.0070s ]
SQL: SELECT * FROM cate c INNER JOIN type t on c.tid=t.tid   WHERE ( c.parent=20 ) ORDER BY c.order1  [ RunTime:0.0070s ]
SQL: SELECT * FROM cate c INNER JOIN type t on c.tid=t.tid   WHERE ( c.parent=44 ) ORDER BY c.order1  [ RunTime:0.0070s ]
SQL: SELECT * FROM cate c INNER JOIN type t on c.tid=t.tid   WHERE ( c.parent=6 ) ORDER BY c.order1  [ RunTime:0.0080s ]
SQL: SELECT * FROM cate c INNER JOIN type t on c.tid=t.tid   WHERE ( c.parent=21 ) ORDER BY c.order1  [ RunTime:0.0070s ]
SQL: SELECT * FROM cate c INNER JOIN type t on c.tid=t.tid   WHERE ( c.parent=22 ) ORDER BY c.order1  [ RunTime:0.0080s ]
SQL: SELECT * FROM cate c INNER JOIN type t on c.tid=t.tid   WHERE ( c.parent=7 ) ORDER BY c.order1  [ RunTime:0.0090s ]
SQL: SELECT * FROM cate c INNER JOIN type t on c.tid=t.tid   WHERE ( c.parent=47 ) ORDER BY c.order1  [ RunTime:0.0070s ]
INFO: [ view_parse ] --START--
INFO: [ template_filter ] --START--
INFO: Run Behavior\ContentReplaceBehavior [ RunTime:0.000000s ]
INFO: [ template_filter ] --END-- [ RunTime:0.000000s ]
INFO: Run Behavior\ParseTemplateBehavior [ RunTime:0.011000s ]
INFO: [ view_parse ] --END-- [ RunTime:0.012001s ]
INFO: [ view_filter ] --START--
INFO: Run Behavior\WriteHtmlCacheBehavior [ RunTime:0.001000s ]
INFO: [ view_filter ] --END-- [ RunTime:0.001000s ]
INFO: [ app_end ] --START--
INFO: Run Behavior\ShowPageTraceBehavior [ RunTime:0.002000s ]
INFO: [ app_end ] --END-- [ RunTime:0.003000s ]

