[ 2016-10-14T08:00:44+08:00 ] ::1 /
INFO: [ app_init ] --START--
INFO: Run Behavior\BuildLiteBehavior [ RunTime:0.000000s ]
INFO: [ app_init ] --END-- [ RunTime:0.000000s ]
INFO: [ app_begin ] --START--
INFO: Run Behavior\ReadHtmlCacheBehavior [ RunTime:0.015600s ]
INFO: [ app_begin ] --END-- [ RunTime:0.015600s ]
SQL: SELECT * FROM cate c INNER JOIN type t on c.tid=t.tid   WHERE ( c.parent=0 and c.hide=1 ) ORDER BY c.order1  [ RunTime:0.0936s ]
SQL: SELECT * FROM cate c INNER JOIN type t on c.tid=t.tid   WHERE ( c.parent=0 and c.hide=1 ) ORDER BY c.order1  [ RunTime:0.0156s ]
SQL: SELECT * FROM cate c INNER JOIN type t on c.tid=t.tid   WHERE ( c.parent=1 ) ORDER BY c.order1  [ RunTime:0.0000s ]
SQL: SELECT * FROM cate c INNER JOIN type t on c.tid=t.tid   WHERE ( c.parent=8 ) ORDER BY c.order1  [ RunTime:0.0000s ]
SQL: SELECT * FROM cate c INNER JOIN type t on c.tid=t.tid   WHERE ( c.parent=9 ) ORDER BY c.order1  [ RunTime:0.0156s ]
SQL: SELECT * FROM cate c INNER JOIN type t on c.tid=t.tid   WHERE ( c.parent=10 ) ORDER BY c.order1  [ RunTime:0.0000s ]
SQL: SELECT * FROM cate c INNER JOIN type t on c.tid=t.tid   WHERE ( c.parent=45 ) ORDER BY c.order1  [ RunTime:0.0156s ]
SQL: SELECT * FROM cate c INNER JOIN type t on c.tid=t.tid   WHERE ( c.parent=46 ) ORDER BY c.order1  [ RunTime:0.0000s ]
SQL: SELECT * FROM cate c INNER JOIN type t on c.tid=t.tid   WHERE ( c.parent=41 ) ORDER BY c.order1  [ RunTime:0.0156s ]
SQL: SELECT * FROM cate c INNER JOIN type t on c.tid=t.tid   WHERE ( c.parent=42 ) ORDER BY c.order1  [ RunTime:0.0000s ]
SQL: SELECT * FROM cate c INNER JOIN type t on c.tid=t.tid   WHERE ( c.parent=2 ) ORDER BY c.order1  [ RunTime:0.0000s ]
SQL: SELECT * FROM cate c INNER JOIN type t on c.tid=t.tid   WHERE ( c.parent=11 ) ORDER BY c.order1  [ RunTime:0.0156s ]
SQL: SELECT * FROM cate c INNER JOIN type t on c.tid=t.tid   WHERE ( c.parent=36 ) ORDER BY c.order1  [ RunTime:0.0000s ]
SQL: SELECT * FROM cate c INNER JOIN type t on c.tid=t.tid   WHERE ( c.parent=37 ) ORDER BY c.order1  [ RunTime:0.0156s ]
SQL: SELECT * FROM cate c INNER JOIN type t on c.tid=t.tid   WHERE ( c.parent=38 ) ORDER BY c.order1  [ RunTime:0.0000s ]
SQL: SELECT * FROM cate c INNER JOIN type t on c.tid=t.tid   WHERE ( c.parent=39 ) ORDER BY c.order1  [ RunTime:0.0156s ]
SQL: SELECT * FROM cate c INNER JOIN type t on c.tid=t.tid   WHERE ( c.parent=40 ) ORDER BY c.order1  [ RunTime:0.0000s ]
SQL: SELECT * FROM cate c INNER JOIN type t on c.tid=t.tid   WHERE ( c.parent=12 ) ORDER BY c.order1  [ RunTime:0.0000s ]
SQL: SELECT * FROM cate c INNER JOIN type t on c.tid=t.tid   WHERE ( c.parent=49 ) ORDER BY c.order1  [ RunTime:0.0156s ]
SQL: SELECT * FROM cate c INNER JOIN type t on c.tid=t.tid   WHERE ( c.parent=13 ) ORDER BY c.order1  [ RunTime:0.0000s ]
SQL: SELECT * FROM cate c INNER JOIN type t on c.tid=t.tid   WHERE ( c.parent=15 ) ORDER BY c.order1  [ RunTime:0.0156s ]
SQL: SELECT * FROM cate c INNER JOIN type t on c.tid=t.tid   WHERE ( c.parent=16 ) ORDER BY c.order1  [ RunTime:0.0000s ]
SQL: SELECT * FROM cate c INNER JOIN type t on c.tid=t.tid   WHERE ( c.parent=4 ) ORDER BY c.order1  [ RunTime:0.0000s ]
SQL: SELECT * FROM cate c INNER JOIN type t on c.tid=t.tid   WHERE ( c.parent=19 ) ORDER BY c.order1  [ RunTime:0.0156s ]
SQL: SELECT * FROM cate c INNER JOIN type t on c.tid=t.tid   WHERE ( c.parent=43 ) ORDER BY c.order1  [ RunTime:0.0000s ]
SQL: SELECT * FROM cate c INNER JOIN type t on c.tid=t.tid   WHERE ( c.parent=5 ) ORDER BY c.order1  [ RunTime:0.0156s ]
SQL: SELECT * FROM cate c INNER JOIN type t on c.tid=t.tid   WHERE ( c.parent=20 ) ORDER BY c.order1  [ RunTime:0.0000s ]
SQL: SELECT * FROM cate c INNER JOIN type t on c.tid=t.tid   WHERE ( c.parent=44 ) ORDER BY c.order1  [ RunTime:0.0156s ]
SQL: SELECT * FROM cate c INNER JOIN type t on c.tid=t.tid   WHERE ( c.parent=6 ) ORDER BY c.order1  [ RunTime:0.0000s ]
SQL: SELECT * FROM cate c INNER JOIN type t on c.tid=t.tid   WHERE ( c.parent=21 ) ORDER BY c.order1  [ RunTime:0.0156s ]
SQL: SELECT * FROM cate c INNER JOIN type t on c.tid=t.tid   WHERE ( c.parent=22 ) ORDER BY c.order1  [ RunTime:0.0000s ]
SQL: SELECT * FROM cate c INNER JOIN type t on c.tid=t.tid   WHERE ( c.parent=7 ) ORDER BY c.order1  [ RunTime:0.0000s ]
SQL: SELECT * FROM cate c INNER JOIN type t on c.tid=t.tid   WHERE ( c.parent=47 ) ORDER BY c.order1  [ RunTime:0.0156s ]
SQL: SELECT * FROM cate c INNER JOIN type t on c.tid=t.tid   WHERE ( c.parent=50 ) ORDER BY c.order1  [ RunTime:0.0000s ]
SQL: SELECT * FROM cate c INNER JOIN type t on c.tid=t.tid   WHERE ( c.parent=52 ) ORDER BY c.order1  [ RunTime:0.0156s ]
SQL: SELECT * FROM cate c INNER JOIN type t on c.tid=t.tid   WHERE ( c.parent=53 ) ORDER BY c.order1  [ RunTime:0.0000s ]
SQL: SELECT * FROM cate c INNER JOIN type t on c.tid=t.tid   WHERE ( c.parent=54 ) ORDER BY c.order1  [ RunTime:0.0156s ]
SQL: SELECT * FROM cate c INNER JOIN type t on c.tid=t.tid   WHERE ( c.parent=51 ) ORDER BY c.order1  [ RunTime:0.0000s ]
SQL: SELECT * FROM cate c INNER JOIN type t on c.tid=t.tid   WHERE ( c.parent=55 ) ORDER BY c.order1  [ RunTime:0.0000s ]
SQL: SELECT * FROM cate c INNER JOIN type t on c.tid=t.tid   WHERE ( c.parent=60 ) ORDER BY c.order1  [ RunTime:0.0156s ]
SQL: SELECT * FROM cate c INNER JOIN type t on c.tid=t.tid   WHERE ( c.parent=61 ) ORDER BY c.order1  [ RunTime:0.0000s ]
SQL: SELECT * FROM cate c INNER JOIN type t on c.tid=t.tid   WHERE ( c.parent=62 ) ORDER BY c.order1  [ RunTime:0.0156s ]
SQL: SELECT * FROM cate c INNER JOIN type t on c.tid=t.tid   WHERE ( c.parent=56 ) ORDER BY c.order1  [ RunTime:0.0000s ]
SQL: SELECT * FROM cate c INNER JOIN type t on c.tid=t.tid   WHERE ( c.parent=57 ) ORDER BY c.order1  [ RunTime:0.0000s ]
SQL: SELECT * FROM cate c INNER JOIN type t on c.tid=t.tid   WHERE ( c.parent=67 ) ORDER BY c.order1  [ RunTime:0.0000s ]
SQL: SELECT * FROM cate c INNER JOIN type t on c.tid=t.tid   WHERE ( c.parent=68 ) ORDER BY c.order1  [ RunTime:0.0000s ]
SQL: SELECT * FROM cate c INNER JOIN type t on c.tid=t.tid   WHERE ( c.parent=69 ) ORDER BY c.order1  [ RunTime:0.0156s ]
SQL: SELECT * FROM cate c INNER JOIN type t on c.tid=t.tid   WHERE ( c.parent=58 ) ORDER BY c.order1  [ RunTime:0.0000s ]
SQL: SELECT * FROM cate c INNER JOIN type t on c.tid=t.tid   WHERE ( c.parent=59 ) ORDER BY c.order1  [ RunTime:0.0156s ]
SQL: SELECT * FROM cate c INNER JOIN type t on c.tid=t.tid   WHERE ( c.parent=63 ) ORDER BY c.order1  [ RunTime:0.0000s ]
SQL: SELECT * FROM cate c INNER JOIN type t on c.tid=t.tid   WHERE ( c.parent=64 ) ORDER BY c.order1  [ RunTime:0.0000s ]
SQL: SELECT * FROM cate c INNER JOIN type t on c.tid=t.tid   WHERE ( c.parent=70 ) ORDER BY c.order1  [ RunTime:0.0156s ]
SQL: SELECT * FROM cate c INNER JOIN type t on c.tid=t.tid   WHERE ( c.parent=65 ) ORDER BY c.order1  [ RunTime:0.0000s ]
SQL: SELECT * FROM cate c INNER JOIN type t on c.tid=t.tid   WHERE ( c.parent=71 ) ORDER BY c.order1  [ RunTime:0.0156s ]
SQL: SELECT * FROM cate c INNER JOIN type t on c.tid=t.tid   WHERE ( c.parent=72 ) ORDER BY c.order1  [ RunTime:0.0000s ]
SQL: SELECT * FROM cate c INNER JOIN type t on c.tid=t.tid   WHERE ( c.parent=66 ) ORDER BY c.order1  [ RunTime:0.0156s ]
SQL: SELECT * FROM cate c INNER JOIN type t on c.tid=t.tid   WHERE ( c.parent=73 ) ORDER BY c.order1  [ RunTime:0.0000s ]
INFO: [ view_parse ] --START--
INFO: [ template_filter ] --START--
INFO: Run Behavior\ContentReplaceBehavior [ RunTime:0.000000s ]
INFO: [ template_filter ] --END-- [ RunTime:0.000000s ]
INFO: Run Behavior\ParseTemplateBehavior [ RunTime:0.046800s ]
INFO: [ view_parse ] --END-- [ RunTime:0.046800s ]
INFO: [ view_filter ] --START--
INFO: Run Behavior\WriteHtmlCacheBehavior [ RunTime:0.015600s ]
INFO: [ view_filter ] --END-- [ RunTime:0.015600s ]
INFO: [ app_end ] --START--
INFO: Run Behavior\ShowPageTraceBehavior [ RunTime:0.015600s ]
INFO: [ app_end ] --END-- [ RunTime:0.015600s ]

