[ 2016-10-12T14:51:48+08:00 ] ::1 /
INFO: [ app_init ] --START--
INFO: Run Behavior\BuildLiteBehavior [ RunTime:0.000000s ]
INFO: [ app_init ] --END-- [ RunTime:0.010000s ]
INFO: [ app_begin ] --START--
INFO: Run Behavior\ReadHtmlCacheBehavior [ RunTime:0.000000s ]
INFO: [ app_begin ] --END-- [ RunTime:0.000000s ]
SQL: SELECT * FROM cate c INNER JOIN type t on c.tid=t.tid   WHERE ( c.parent=0 and c.hide=1 ) ORDER BY c.order1  [ RunTime:0.0000s ]
SQL: SELECT * FROM cate c INNER JOIN type t on c.tid=t.tid   WHERE ( c.parent=0 and c.hide=1 ) ORDER BY c.order1  [ RunTime:0.0000s ]
SQL: SELECT * FROM cate c INNER JOIN type t on c.tid=t.tid   WHERE ( c.parent=1 ) ORDER BY c.order1  [ RunTime:0.0100s ]
SQL: SELECT * FROM cate c INNER JOIN type t on c.tid=t.tid   WHERE ( c.parent=8 ) ORDER BY c.order1  [ RunTime:0.0100s ]
SQL: SELECT * FROM cate c INNER JOIN type t on c.tid=t.tid   WHERE ( c.parent=9 ) ORDER BY c.order1  [ RunTime:0.0100s ]
SQL: SELECT * FROM cate c INNER JOIN type t on c.tid=t.tid   WHERE ( c.parent=10 ) ORDER BY c.order1  [ RunTime:0.0000s ]
SQL: SELECT * FROM cate c INNER JOIN type t on c.tid=t.tid   WHERE ( c.parent=2 ) ORDER BY c.order1  [ RunTime:0.0100s ]
SQL: SELECT * FROM cate c INNER JOIN type t on c.tid=t.tid   WHERE ( c.parent=11 ) ORDER BY c.order1  [ RunTime:0.0100s ]
SQL: SELECT * FROM cate c INNER JOIN type t on c.tid=t.tid   WHERE ( c.parent=24 ) ORDER BY c.order1  [ RunTime:0.0100s ]
SQL: SELECT * FROM cate c INNER JOIN type t on c.tid=t.tid   WHERE ( c.parent=12 ) ORDER BY c.order1  [ RunTime:0.0000s ]
SQL: SELECT * FROM cate c INNER JOIN type t on c.tid=t.tid   WHERE ( c.parent=13 ) ORDER BY c.order1  [ RunTime:0.0000s ]
SQL: SELECT * FROM cate c INNER JOIN type t on c.tid=t.tid   WHERE ( c.parent=14 ) ORDER BY c.order1  [ RunTime:0.0100s ]
SQL: SELECT * FROM cate c INNER JOIN type t on c.tid=t.tid   WHERE ( c.parent=15 ) ORDER BY c.order1  [ RunTime:0.0100s ]
SQL: SELECT * FROM cate c INNER JOIN type t on c.tid=t.tid   WHERE ( c.parent=16 ) ORDER BY c.order1  [ RunTime:0.0000s ]
SQL: SELECT * FROM cate c INNER JOIN type t on c.tid=t.tid   WHERE ( c.parent=4 ) ORDER BY c.order1  [ RunTime:0.0100s ]
SQL: SELECT * FROM cate c INNER JOIN type t on c.tid=t.tid   WHERE ( c.parent=19 ) ORDER BY c.order1  [ RunTime:0.0100s ]
SQL: SELECT * FROM cate c INNER JOIN type t on c.tid=t.tid   WHERE ( c.parent=5 ) ORDER BY c.order1  [ RunTime:0.0100s ]
SQL: SELECT * FROM cate c INNER JOIN type t on c.tid=t.tid   WHERE ( c.parent=20 ) ORDER BY c.order1  [ RunTime:0.0000s ]
SQL: SELECT * FROM cate c INNER JOIN type t on c.tid=t.tid   WHERE ( c.parent=6 ) ORDER BY c.order1  [ RunTime:0.0100s ]
SQL: SELECT * FROM cate c INNER JOIN type t on c.tid=t.tid   WHERE ( c.parent=21 ) ORDER BY c.order1  [ RunTime:0.0100s ]
SQL: SELECT * FROM cate c INNER JOIN type t on c.tid=t.tid   WHERE ( c.parent=22 ) ORDER BY c.order1  [ RunTime:0.0100s ]
SQL: SELECT * FROM cate c INNER JOIN type t on c.tid=t.tid   WHERE ( c.parent=7 ) ORDER BY c.order1  [ RunTime:0.0100s ]
SQL: SELECT * FROM cate c INNER JOIN type t on c.tid=t.tid   WHERE ( c.parent=23 ) ORDER BY c.order1  [ RunTime:0.0000s ]
SQL: SELECT * FROM cate c INNER JOIN type t on c.tid=t.tid   WHERE ( c.parent=27 ) ORDER BY c.order1  [ RunTime:0.0100s ]
SQL: SELECT * FROM cate c INNER JOIN type t on c.tid=t.tid   WHERE ( c.parent=28 ) ORDER BY c.order1  [ RunTime:0.0100s ]
INFO: [ view_parse ] --START--
INFO: [ template_filter ] --START--
INFO: Run Behavior\ContentReplaceBehavior [ RunTime:0.000000s ]
INFO: [ template_filter ] --END-- [ RunTime:0.000000s ]
INFO: Run Behavior\ParseTemplateBehavior [ RunTime:0.010000s ]
INFO: [ view_parse ] --END-- [ RunTime:0.010000s ]
INFO: [ view_filter ] --START--
INFO: Run Behavior\WriteHtmlCacheBehavior [ RunTime:0.000000s ]
INFO: [ view_filter ] --END-- [ RunTime:0.000000s ]
INFO: [ app_end ] --START--
INFO: Run Behavior\ShowPageTraceBehavior [ RunTime:0.010000s ]
INFO: [ app_end ] --END-- [ RunTime:0.010000s ]

[ 2016-10-12T15:29:34+08:00 ] ::1 /
INFO: [ app_init ] --START--
INFO: Run Behavior\BuildLiteBehavior [ RunTime:0.000000s ]
INFO: [ app_init ] --END-- [ RunTime:0.001000s ]
INFO: [ app_begin ] --START--
INFO: Run Behavior\ReadHtmlCacheBehavior [ RunTime:0.001000s ]
INFO: [ app_begin ] --END-- [ RunTime:0.001000s ]
SQL: SELECT * FROM cate c INNER JOIN type t on c.tid=t.tid   WHERE ( c.parent=0 and c.hide=1 ) ORDER BY c.order1  [ RunTime:0.0100s ]
SQL: SELECT * FROM cate c INNER JOIN type t on c.tid=t.tid   WHERE ( c.parent=0 and c.hide=1 ) ORDER BY c.order1  [ RunTime:0.0100s ]
SQL: SELECT * FROM cate c INNER JOIN type t on c.tid=t.tid   WHERE ( c.parent=1 ) ORDER BY c.order1  [ RunTime:0.0090s ]
SQL: SELECT * FROM cate c INNER JOIN type t on c.tid=t.tid   WHERE ( c.parent=8 ) ORDER BY c.order1  [ RunTime:0.0090s ]
SQL: SELECT * FROM cate c INNER JOIN type t on c.tid=t.tid   WHERE ( c.parent=9 ) ORDER BY c.order1  [ RunTime:0.0090s ]
SQL: SELECT * FROM cate c INNER JOIN type t on c.tid=t.tid   WHERE ( c.parent=10 ) ORDER BY c.order1  [ RunTime:0.0090s ]
SQL: SELECT * FROM cate c INNER JOIN type t on c.tid=t.tid   WHERE ( c.parent=2 ) ORDER BY c.order1  [ RunTime:0.0110s ]
SQL: SELECT * FROM cate c INNER JOIN type t on c.tid=t.tid   WHERE ( c.parent=11 ) ORDER BY c.order1  [ RunTime:0.0090s ]
SQL: SELECT * FROM cate c INNER JOIN type t on c.tid=t.tid   WHERE ( c.parent=24 ) ORDER BY c.order1  [ RunTime:0.0100s ]
SQL: SELECT * FROM cate c INNER JOIN type t on c.tid=t.tid   WHERE ( c.parent=12 ) ORDER BY c.order1  [ RunTime:0.0110s ]
SQL: SELECT * FROM cate c INNER JOIN type t on c.tid=t.tid   WHERE ( c.parent=13 ) ORDER BY c.order1  [ RunTime:0.0100s ]
SQL: SELECT * FROM cate c INNER JOIN type t on c.tid=t.tid   WHERE ( c.parent=14 ) ORDER BY c.order1  [ RunTime:0.0100s ]
SQL: SELECT * FROM cate c INNER JOIN type t on c.tid=t.tid   WHERE ( c.parent=15 ) ORDER BY c.order1  [ RunTime:0.0110s ]
SQL: SELECT * FROM cate c INNER JOIN type t on c.tid=t.tid   WHERE ( c.parent=16 ) ORDER BY c.order1  [ RunTime:0.0100s ]
SQL: SELECT * FROM cate c INNER JOIN type t on c.tid=t.tid   WHERE ( c.parent=4 ) ORDER BY c.order1  [ RunTime:0.0100s ]
SQL: SELECT * FROM cate c INNER JOIN type t on c.tid=t.tid   WHERE ( c.parent=19 ) ORDER BY c.order1  [ RunTime:0.0090s ]
SQL: SELECT * FROM cate c INNER JOIN type t on c.tid=t.tid   WHERE ( c.parent=5 ) ORDER BY c.order1  [ RunTime:0.0090s ]
SQL: SELECT * FROM cate c INNER JOIN type t on c.tid=t.tid   WHERE ( c.parent=20 ) ORDER BY c.order1  [ RunTime:0.0090s ]
SQL: SELECT * FROM cate c INNER JOIN type t on c.tid=t.tid   WHERE ( c.parent=6 ) ORDER BY c.order1  [ RunTime:0.0090s ]
SQL: SELECT * FROM cate c INNER JOIN type t on c.tid=t.tid   WHERE ( c.parent=21 ) ORDER BY c.order1  [ RunTime:0.0100s ]
SQL: SELECT * FROM cate c INNER JOIN type t on c.tid=t.tid   WHERE ( c.parent=22 ) ORDER BY c.order1  [ RunTime:0.0090s ]
SQL: SELECT * FROM cate c INNER JOIN type t on c.tid=t.tid   WHERE ( c.parent=7 ) ORDER BY c.order1  [ RunTime:0.0100s ]
SQL: SELECT * FROM cate c INNER JOIN type t on c.tid=t.tid   WHERE ( c.parent=23 ) ORDER BY c.order1  [ RunTime:0.0100s ]
SQL: SELECT * FROM cate c INNER JOIN type t on c.tid=t.tid   WHERE ( c.parent=27 ) ORDER BY c.order1  [ RunTime:0.0100s ]
SQL: SELECT * FROM cate c INNER JOIN type t on c.tid=t.tid   WHERE ( c.parent=28 ) ORDER BY c.order1  [ RunTime:0.0100s ]
INFO: [ view_parse ] --START--
INFO: [ template_filter ] --START--
INFO: Run Behavior\ContentReplaceBehavior [ RunTime:0.000000s ]
INFO: [ template_filter ] --END-- [ RunTime:0.000000s ]
INFO: Run Behavior\ParseTemplateBehavior [ RunTime:0.012001s ]
INFO: [ view_parse ] --END-- [ RunTime:0.012001s ]
INFO: [ view_filter ] --START--
INFO: Run Behavior\WriteHtmlCacheBehavior [ RunTime:0.001000s ]
INFO: [ view_filter ] --END-- [ RunTime:0.001000s ]
INFO: [ app_end ] --START--
INFO: Run Behavior\ShowPageTraceBehavior [ RunTime:0.002000s ]
INFO: [ app_end ] --END-- [ RunTime:0.002000s ]

