[ 2016-10-12T12:23:32+08:00 ] ::1 /index.php?m=Admin&c=cate&a=cateAdd
INFO: [ app_init ] --START--
INFO: Run Behavior\BuildLiteBehavior [ RunTime:0.000000s ]
INFO: [ app_init ] --END-- [ RunTime:0.001000s ]
INFO: [ app_begin ] --START--
INFO: Run Behavior\ReadHtmlCacheBehavior [ RunTime:0.002000s ]
INFO: [ app_begin ] --END-- [ RunTime:0.002000s ]
SQL: SHOW COLUMNS FROM `type` [ RunTime:0.0080s ]
SQL: SELECT * FROM `type`  [ RunTime:0.0010s ]
INFO: [ view_parse ] --START--
INFO: [ template_filter ] --START--
INFO: Run Behavior\ContentReplaceBehavior [ RunTime:0.000000s ]
INFO: [ template_filter ] --END-- [ RunTime:0.000000s ]
NOTIC: [8] Undefined variable: parentName D:\phpStudy\WWW\zdm\Application\Runtime\Cache\Admin\59eb60e10ada273eea0850b26ab6efc3.php 第 15 行.
NOTIC: [8] Undefined variable: parentMark D:\phpStudy\WWW\zdm\Application\Runtime\Cache\Admin\59eb60e10ada273eea0850b26ab6efc3.php 第 15 行.
INFO: Run Behavior\ParseTemplateBehavior [ RunTime:0.016001s ]
INFO: [ view_parse ] --END-- [ RunTime:0.016001s ]
INFO: [ view_filter ] --START--
INFO: Run Behavior\WriteHtmlCacheBehavior [ RunTime:0.001000s ]
INFO: [ view_filter ] --END-- [ RunTime:0.001000s ]
INFO: [ app_end ] --START--
INFO: Run Behavior\ShowPageTraceBehavior [ RunTime:0.002000s ]
INFO: [ app_end ] --END-- [ RunTime:0.002000s ]

[ 2016-10-12T12:23:34+08:00 ] ::1 /index.php?m=Admin&c=cate&a=cateList
INFO: [ app_init ] --START--
INFO: Run Behavior\BuildLiteBehavior [ RunTime:0.000000s ]
INFO: [ app_init ] --END-- [ RunTime:0.001000s ]
INFO: [ app_begin ] --START--
INFO: Run Behavior\ReadHtmlCacheBehavior [ RunTime:0.002000s ]
INFO: [ app_begin ] --END-- [ RunTime:0.002000s ]
INFO: [ view_parse ] --START--
INFO: [ template_filter ] --START--
INFO: Run Behavior\ContentReplaceBehavior [ RunTime:0.000000s ]
INFO: [ template_filter ] --END-- [ RunTime:0.001000s ]
INFO: Run Behavior\ParseTemplateBehavior [ RunTime:0.013001s ]
INFO: [ view_parse ] --END-- [ RunTime:0.013001s ]
INFO: [ view_filter ] --START--
INFO: Run Behavior\WriteHtmlCacheBehavior [ RunTime:0.001000s ]
INFO: [ view_filter ] --END-- [ RunTime:0.001000s ]
INFO: [ app_end ] --START--
INFO: Run Behavior\ShowPageTraceBehavior [ RunTime:0.001000s ]
INFO: [ app_end ] --END-- [ RunTime:0.001000s ]

[ 2016-10-12T12:23:35+08:00 ] ::1 /index.php?m=admin&c=cate&a=getCate&lang=0
INFO: [ app_init ] --START--
INFO: Run Behavior\BuildLiteBehavior [ RunTime:0.000000s ]
INFO: [ app_init ] --END-- [ RunTime:0.001000s ]
INFO: [ app_begin ] --START--
INFO: Run Behavior\ReadHtmlCacheBehavior [ RunTime:0.002000s ]
INFO: [ app_begin ] --END-- [ RunTime:0.002000s ]
SQL: SELECT * FROM cate c INNER JOIN type t on c.tid=t.tid   WHERE ( c.parent=0 and c.lang=0 and c.hide=1 ) ORDER BY c.order1  [ RunTime:0.0100s ]
SQL: SELECT * FROM cate c INNER JOIN type t on c.tid=t.tid   WHERE ( c.parent=1 ) ORDER BY c.order1  [ RunTime:0.0100s ]
SQL: SELECT * FROM cate c INNER JOIN type t on c.tid=t.tid   WHERE ( c.parent=8 ) ORDER BY c.order1  [ RunTime:0.0090s ]
SQL: SELECT * FROM cate c INNER JOIN type t on c.tid=t.tid   WHERE ( c.parent=9 ) ORDER BY c.order1  [ RunTime:0.0110s ]
SQL: SELECT * FROM cate c INNER JOIN type t on c.tid=t.tid   WHERE ( c.parent=10 ) ORDER BY c.order1  [ RunTime:0.0090s ]
SQL: SELECT * FROM cate c INNER JOIN type t on c.tid=t.tid   WHERE ( c.parent=2 ) ORDER BY c.order1  [ RunTime:0.0090s ]
SQL: SELECT * FROM cate c INNER JOIN type t on c.tid=t.tid   WHERE ( c.parent=11 ) ORDER BY c.order1  [ RunTime:0.0080s ]
SQL: SELECT * FROM cate c INNER JOIN type t on c.tid=t.tid   WHERE ( c.parent=24 ) ORDER BY c.order1  [ RunTime:0.0090s ]
SQL: SELECT * FROM cate c INNER JOIN type t on c.tid=t.tid   WHERE ( c.parent=12 ) ORDER BY c.order1  [ RunTime:0.0080s ]
SQL: SELECT * FROM cate c INNER JOIN type t on c.tid=t.tid   WHERE ( c.parent=13 ) ORDER BY c.order1  [ RunTime:0.0090s ]
SQL: SELECT * FROM cate c INNER JOIN type t on c.tid=t.tid   WHERE ( c.parent=14 ) ORDER BY c.order1  [ RunTime:0.0090s ]
SQL: SELECT * FROM cate c INNER JOIN type t on c.tid=t.tid   WHERE ( c.parent=15 ) ORDER BY c.order1  [ RunTime:0.0090s ]
SQL: SELECT * FROM cate c INNER JOIN type t on c.tid=t.tid   WHERE ( c.parent=16 ) ORDER BY c.order1  [ RunTime:0.0080s ]
SQL: SELECT * FROM cate c INNER JOIN type t on c.tid=t.tid   WHERE ( c.parent=4 ) ORDER BY c.order1  [ RunTime:0.0100s ]
SQL: SELECT * FROM cate c INNER JOIN type t on c.tid=t.tid   WHERE ( c.parent=19 ) ORDER BY c.order1  [ RunTime:0.0090s ]
SQL: SELECT * FROM cate c INNER JOIN type t on c.tid=t.tid   WHERE ( c.parent=5 ) ORDER BY c.order1  [ RunTime:0.0080s ]
SQL: SELECT * FROM cate c INNER JOIN type t on c.tid=t.tid   WHERE ( c.parent=20 ) ORDER BY c.order1  [ RunTime:0.0090s ]
SQL: SELECT * FROM cate c INNER JOIN type t on c.tid=t.tid   WHERE ( c.parent=6 ) ORDER BY c.order1  [ RunTime:0.0090s ]
SQL: SELECT * FROM cate c INNER JOIN type t on c.tid=t.tid   WHERE ( c.parent=21 ) ORDER BY c.order1  [ RunTime:0.0090s ]
SQL: SELECT * FROM cate c INNER JOIN type t on c.tid=t.tid   WHERE ( c.parent=22 ) ORDER BY c.order1  [ RunTime:0.0100s ]
SQL: SELECT * FROM cate c INNER JOIN type t on c.tid=t.tid   WHERE ( c.parent=7 ) ORDER BY c.order1  [ RunTime:0.0110s ]
SQL: SELECT * FROM cate c INNER JOIN type t on c.tid=t.tid   WHERE ( c.parent=23 ) ORDER BY c.order1  [ RunTime:0.0090s ]

[ 2016-10-12T12:23:36+08:00 ] ::1 /index.php?m=admin&c=cate&a=getCate&lang=1
INFO: [ app_init ] --START--
INFO: Run Behavior\BuildLiteBehavior [ RunTime:0.000000s ]
INFO: [ app_init ] --END-- [ RunTime:0.001000s ]
INFO: [ app_begin ] --START--
INFO: Run Behavior\ReadHtmlCacheBehavior [ RunTime:0.001000s ]
INFO: [ app_begin ] --END-- [ RunTime:0.001000s ]
SQL: SELECT * FROM cate c INNER JOIN type t on c.tid=t.tid   WHERE ( c.parent=0 and c.lang=1 and c.hide=1 ) ORDER BY c.order1  [ RunTime:0.0090s ]
SQL: SELECT * FROM cate c INNER JOIN type t on c.tid=t.tid   WHERE ( c.parent=27 ) ORDER BY c.order1  [ RunTime:0.0080s ]

[ 2016-10-12T12:23:45+08:00 ] ::1 /index.php?m=Admin&c=List&a=listList
INFO: [ app_init ] --START--
INFO: Run Behavior\BuildLiteBehavior [ RunTime:0.000000s ]
INFO: [ app_init ] --END-- [ RunTime:0.001000s ]
INFO: [ app_begin ] --START--
INFO: Run Behavior\ReadHtmlCacheBehavior [ RunTime:0.001000s ]
INFO: [ app_begin ] --END-- [ RunTime:0.001000s ]
SQL: SELECT * FROM `cate` WHERE ( tid=2 )  [ RunTime:0.0010s ]
INFO: [ view_parse ] --START--
INFO: [ template_filter ] --START--
INFO: Run Behavior\ContentReplaceBehavior [ RunTime:0.000000s ]
INFO: [ template_filter ] --END-- [ RunTime:0.000000s ]
INFO: Run Behavior\ParseTemplateBehavior [ RunTime:0.011000s ]
INFO: [ view_parse ] --END-- [ RunTime:0.011000s ]
INFO: [ view_filter ] --START--
INFO: Run Behavior\WriteHtmlCacheBehavior [ RunTime:0.001000s ]
INFO: [ view_filter ] --END-- [ RunTime:0.001000s ]
INFO: [ app_end ] --START--
INFO: Run Behavior\ShowPageTraceBehavior [ RunTime:0.002000s ]
INFO: [ app_end ] --END-- [ RunTime:0.002000s ]

[ 2016-10-12T12:23:46+08:00 ] ::1 /index.php?m=Admin&c=List&a=cateList&cid=0
INFO: [ app_init ] --START--
INFO: Run Behavior\BuildLiteBehavior [ RunTime:0.000000s ]
INFO: [ app_init ] --END-- [ RunTime:0.001000s ]
INFO: [ app_begin ] --START--
INFO: Run Behavior\ReadHtmlCacheBehavior [ RunTime:0.001001s ]
INFO: [ app_begin ] --END-- [ RunTime:0.001001s ]
NOTIC: [8] Undefined variable: joinMain D:\phpStudy\WWW\zdm\Application\Common\Model\ListModel.class.php 第 24 行.
SQL: SELECT * FROM `cate` WHERE ( tid=2 )  [ RunTime:0.0010s ]
SQL: SELECT m.id,cate.name,m.author,m.title FROM main m INNER JOIN cate on m.cid=cate.id  WHERE ( m.cid in (2,3,4,6,11,12,13,14,15,16,17,18,19,21,22,24) )  [ RunTime:0.0010s ]
INFO: [ app_end ] --START--
INFO: Run Behavior\ShowPageTraceBehavior [ RunTime:0.001000s ]
INFO: [ app_end ] --END-- [ RunTime:0.001000s ]

[ 2016-10-12T12:23:56+08:00 ] ::1 /index.php?m=Admin&c=List&a=listAdd
INFO: [ app_init ] --START--
INFO: Run Behavior\BuildLiteBehavior [ RunTime:0.001001s ]
INFO: [ app_init ] --END-- [ RunTime:0.001001s ]
INFO: [ app_begin ] --START--
INFO: Run Behavior\ReadHtmlCacheBehavior [ RunTime:0.002000s ]
INFO: [ app_begin ] --END-- [ RunTime:0.002000s ]
SQL: SELECT * FROM `cate` WHERE ( tid=2 )  [ RunTime:0.0010s ]
INFO: [ view_parse ] --START--
INFO: [ template_filter ] --START--
INFO: Run Behavior\ContentReplaceBehavior [ RunTime:0.000000s ]
INFO: [ template_filter ] --END-- [ RunTime:0.000000s ]
INFO: Run Behavior\ParseTemplateBehavior [ RunTime:0.028002s ]
INFO: [ view_parse ] --END-- [ RunTime:0.028002s ]
INFO: [ view_filter ] --START--
INFO: Run Behavior\WriteHtmlCacheBehavior [ RunTime:0.001000s ]
INFO: [ view_filter ] --END-- [ RunTime:0.001000s ]
INFO: [ app_end ] --START--
INFO: Run Behavior\ShowPageTraceBehavior [ RunTime:0.002000s ]
INFO: [ app_end ] --END-- [ RunTime:0.002000s ]

[ 2016-10-12T12:26:13+08:00 ] ::1 /index.php?m=Admin&c=cate&a=cateAdd
INFO: [ app_init ] --START--
INFO: Run Behavior\BuildLiteBehavior [ RunTime:0.000000s ]
INFO: [ app_init ] --END-- [ RunTime:0.001000s ]
INFO: [ app_begin ] --START--
INFO: Run Behavior\ReadHtmlCacheBehavior [ RunTime:0.001000s ]
INFO: [ app_begin ] --END-- [ RunTime:0.001000s ]
SQL: SELECT * FROM `type`  [ RunTime:0.0010s ]
INFO: [ view_parse ] --START--
INFO: [ template_filter ] --START--
INFO: Run Behavior\ContentReplaceBehavior [ RunTime:0.000000s ]
INFO: [ template_filter ] --END-- [ RunTime:0.000000s ]
NOTIC: [8] Undefined variable: parentName D:\phpStudy\WWW\zdm\Application\Runtime\Cache\Admin\59eb60e10ada273eea0850b26ab6efc3.php 第 15 行.
NOTIC: [8] Undefined variable: parentMark D:\phpStudy\WWW\zdm\Application\Runtime\Cache\Admin\59eb60e10ada273eea0850b26ab6efc3.php 第 15 行.
INFO: Run Behavior\ParseTemplateBehavior [ RunTime:0.015001s ]
INFO: [ view_parse ] --END-- [ RunTime:0.015001s ]
INFO: [ view_filter ] --START--
INFO: Run Behavior\WriteHtmlCacheBehavior [ RunTime:0.001000s ]
INFO: [ view_filter ] --END-- [ RunTime:0.001000s ]
INFO: [ app_end ] --START--
INFO: Run Behavior\ShowPageTraceBehavior [ RunTime:0.001000s ]
INFO: [ app_end ] --END-- [ RunTime:0.001000s ]

[ 2016-10-12T12:26:16+08:00 ] ::1 /index.php?m=Admin&c=List&a=listAdd
INFO: [ app_init ] --START--
INFO: Run Behavior\BuildLiteBehavior [ RunTime:0.000000s ]
INFO: [ app_init ] --END-- [ RunTime:0.001000s ]
INFO: [ app_begin ] --START--
INFO: Run Behavior\ReadHtmlCacheBehavior [ RunTime:0.001001s ]
INFO: [ app_begin ] --END-- [ RunTime:0.001001s ]
SQL: SELECT * FROM `cate` WHERE ( tid=2 )  [ RunTime:0.0010s ]
INFO: [ view_parse ] --START--
INFO: [ template_filter ] --START--
INFO: Run Behavior\ContentReplaceBehavior [ RunTime:0.001000s ]
INFO: [ template_filter ] --END-- [ RunTime:0.001000s ]
INFO: Run Behavior\ParseTemplateBehavior [ RunTime:0.012000s ]
INFO: [ view_parse ] --END-- [ RunTime:0.013000s ]
INFO: [ view_filter ] --START--
INFO: Run Behavior\WriteHtmlCacheBehavior [ RunTime:0.001000s ]
INFO: [ view_filter ] --END-- [ RunTime:0.001000s ]
INFO: [ app_end ] --START--
INFO: Run Behavior\ShowPageTraceBehavior [ RunTime:0.001001s ]
INFO: [ app_end ] --END-- [ RunTime:0.001001s ]

[ 2016-10-12T12:26:38+08:00 ] ::1 /index.php?m=Admin&c=Alone&a=aloneList
INFO: [ app_init ] --START--
INFO: Run Behavior\BuildLiteBehavior [ RunTime:0.000000s ]
INFO: [ app_init ] --END-- [ RunTime:0.001000s ]
INFO: [ app_begin ] --START--
INFO: Run Behavior\ReadHtmlCacheBehavior [ RunTime:0.001000s ]
INFO: [ app_begin ] --END-- [ RunTime:0.001000s ]
SQL: SHOW COLUMNS FROM `alone` [ RunTime:0.0080s ]
SQL: SELECT * FROM `cate` WHERE ( tid=1 )  [ RunTime:0.0010s ]
INFO: [ view_parse ] --START--
INFO: [ template_filter ] --START--
INFO: Run Behavior\ContentReplaceBehavior [ RunTime:0.000000s ]
INFO: [ template_filter ] --END-- [ RunTime:0.000000s ]
INFO: Run Behavior\ParseTemplateBehavior [ RunTime:0.027001s ]
INFO: [ view_parse ] --END-- [ RunTime:0.027001s ]
INFO: [ view_filter ] --START--
INFO: Run Behavior\WriteHtmlCacheBehavior [ RunTime:0.001000s ]
INFO: [ view_filter ] --END-- [ RunTime:0.001000s ]
INFO: [ app_end ] --START--
INFO: Run Behavior\ShowPageTraceBehavior [ RunTime:0.002000s ]
INFO: [ app_end ] --END-- [ RunTime:0.002000s ]

[ 2016-10-12T12:27:07+08:00 ] ::1 /index.php?m=Admin&c=List&a=listList
INFO: [ app_init ] --START--
INFO: Run Behavior\BuildLiteBehavior [ RunTime:0.000000s ]
INFO: [ app_init ] --END-- [ RunTime:0.001000s ]
INFO: [ app_begin ] --START--
INFO: Run Behavior\ReadHtmlCacheBehavior [ RunTime:0.001000s ]
INFO: [ app_begin ] --END-- [ RunTime:0.001000s ]
SQL: SELECT * FROM `cate` WHERE ( tid=2 )  [ RunTime:0.0000s ]
INFO: [ view_parse ] --START--
INFO: [ template_filter ] --START--
INFO: Run Behavior\ContentReplaceBehavior [ RunTime:0.000000s ]
INFO: [ template_filter ] --END-- [ RunTime:0.000000s ]
INFO: Run Behavior\ParseTemplateBehavior [ RunTime:0.011001s ]
INFO: [ view_parse ] --END-- [ RunTime:0.011001s ]
INFO: [ view_filter ] --START--
INFO: Run Behavior\WriteHtmlCacheBehavior [ RunTime:0.001000s ]
INFO: [ view_filter ] --END-- [ RunTime:0.001000s ]
INFO: [ app_end ] --START--
INFO: Run Behavior\ShowPageTraceBehavior [ RunTime:0.001000s ]
INFO: [ app_end ] --END-- [ RunTime:0.001000s ]

[ 2016-10-12T12:27:07+08:00 ] ::1 /index.php?m=Admin&c=List&a=cateList&cid=0
INFO: [ app_init ] --START--
INFO: Run Behavior\BuildLiteBehavior [ RunTime:0.000000s ]
INFO: [ app_init ] --END-- [ RunTime:0.001001s ]
INFO: [ app_begin ] --START--
INFO: Run Behavior\ReadHtmlCacheBehavior [ RunTime:0.001000s ]
INFO: [ app_begin ] --END-- [ RunTime:0.001000s ]
NOTIC: [8] Undefined variable: joinMain D:\phpStudy\WWW\zdm\Application\Common\Model\ListModel.class.php 第 24 行.
SQL: SELECT * FROM `cate` WHERE ( tid=2 )  [ RunTime:0.0010s ]
SQL: SELECT m.id,cate.name,m.author,m.title FROM main m INNER JOIN cate on m.cid=cate.id  WHERE ( m.cid in (2,3,4,6,11,12,13,14,15,16,17,18,19,21,22,24) )  [ RunTime:0.0020s ]
INFO: [ app_end ] --START--
INFO: Run Behavior\ShowPageTraceBehavior [ RunTime:0.001000s ]
INFO: [ app_end ] --END-- [ RunTime:0.001000s ]

[ 2016-10-12T12:27:08+08:00 ] ::1 /index.php?m=Admin&c=List&a=listAdd
INFO: [ app_init ] --START--
INFO: Run Behavior\BuildLiteBehavior [ RunTime:0.001000s ]
INFO: [ app_init ] --END-- [ RunTime:0.001000s ]
INFO: [ app_begin ] --START--
INFO: Run Behavior\ReadHtmlCacheBehavior [ RunTime:0.001000s ]
INFO: [ app_begin ] --END-- [ RunTime:0.001000s ]
SQL: SELECT * FROM `cate` WHERE ( tid=2 )  [ RunTime:0.0010s ]
INFO: [ view_parse ] --START--
INFO: [ template_filter ] --START--
INFO: Run Behavior\ContentReplaceBehavior [ RunTime:0.000000s ]
INFO: [ template_filter ] --END-- [ RunTime:0.000000s ]
INFO: Run Behavior\ParseTemplateBehavior [ RunTime:0.012001s ]
INFO: [ view_parse ] --END-- [ RunTime:0.012001s ]
INFO: [ view_filter ] --START--
INFO: Run Behavior\WriteHtmlCacheBehavior [ RunTime:0.001000s ]
INFO: [ view_filter ] --END-- [ RunTime:0.001000s ]
INFO: [ app_end ] --START--
INFO: Run Behavior\ShowPageTraceBehavior [ RunTime:0.001000s ]
INFO: [ app_end ] --END-- [ RunTime:0.001000s ]

[ 2016-10-12T12:30:10+08:00 ] ::1 /index.php?m=Admin&c=cate&a=cateAdd
INFO: [ app_init ] --START--
INFO: Run Behavior\BuildLiteBehavior [ RunTime:0.000000s ]
INFO: [ app_init ] --END-- [ RunTime:0.001000s ]
INFO: [ app_begin ] --START--
INFO: Run Behavior\ReadHtmlCacheBehavior [ RunTime:0.001000s ]
INFO: [ app_begin ] --END-- [ RunTime:0.001000s ]
SQL: SELECT * FROM `type`  [ RunTime:0.0010s ]
INFO: [ view_parse ] --START--
INFO: [ template_filter ] --START--
INFO: Run Behavior\ContentReplaceBehavior [ RunTime:0.000000s ]
INFO: [ template_filter ] --END-- [ RunTime:0.000000s ]
NOTIC: [8] Undefined variable: parentName D:\phpStudy\WWW\zdm\Application\Runtime\Cache\Admin\59eb60e10ada273eea0850b26ab6efc3.php 第 15 行.
NOTIC: [8] Undefined variable: parentMark D:\phpStudy\WWW\zdm\Application\Runtime\Cache\Admin\59eb60e10ada273eea0850b26ab6efc3.php 第 15 行.
INFO: Run Behavior\ParseTemplateBehavior [ RunTime:0.014001s ]
INFO: [ view_parse ] --END-- [ RunTime:0.015001s ]
INFO: [ view_filter ] --START--
INFO: Run Behavior\WriteHtmlCacheBehavior [ RunTime:0.001000s ]
INFO: [ view_filter ] --END-- [ RunTime:0.001000s ]
INFO: [ app_end ] --START--
INFO: Run Behavior\ShowPageTraceBehavior [ RunTime:0.001000s ]
INFO: [ app_end ] --END-- [ RunTime:0.002000s ]

[ 2016-10-12T12:30:30+08:00 ] ::1 /index.php?m=Admin&c=Cate&a=doCateAdd
INFO: [ app_init ] --START--
INFO: Run Behavior\BuildLiteBehavior [ RunTime:0.000000s ]
INFO: [ app_init ] --END-- [ RunTime:0.001000s ]
INFO: [ app_begin ] --START--
INFO: Run Behavior\ReadHtmlCacheBehavior [ RunTime:0.001000s ]
INFO: [ app_begin ] --END-- [ RunTime:0.001000s ]
SQL: SELECT * FROM `cate` WHERE ( mark=90 )  [ RunTime:0.0010s ]
SQL: INSERT INTO `cate` (`name`,`tid`,`hide`,`order1`,`parent`,`mark`,`list_num`,`pic1`,`pic2`,`pic3`,`tpl_list`,`tpl_content`,`lang`,`content`) VALUES ('测试','2','1','90','0','90','20','','','','list_list','list_content','1','') [ RunTime:0.0280s ]

[ 2016-10-12T12:30:31+08:00 ] ::1 /index.php?m=Admin&c=cate&a=cateList
INFO: [ app_init ] --START--
INFO: Run Behavior\BuildLiteBehavior [ RunTime:0.000000s ]
INFO: [ app_init ] --END-- [ RunTime:0.001000s ]
INFO: [ app_begin ] --START--
INFO: Run Behavior\ReadHtmlCacheBehavior [ RunTime:0.001000s ]
INFO: [ app_begin ] --END-- [ RunTime:0.001000s ]
INFO: [ view_parse ] --START--
INFO: [ template_filter ] --START--
INFO: Run Behavior\ContentReplaceBehavior [ RunTime:0.000000s ]
INFO: [ template_filter ] --END-- [ RunTime:0.000000s ]
INFO: Run Behavior\ParseTemplateBehavior [ RunTime:0.012000s ]
INFO: [ view_parse ] --END-- [ RunTime:0.012000s ]
INFO: [ view_filter ] --START--
INFO: Run Behavior\WriteHtmlCacheBehavior [ RunTime:0.001000s ]
INFO: [ view_filter ] --END-- [ RunTime:0.001000s ]
INFO: [ app_end ] --START--
INFO: Run Behavior\ShowPageTraceBehavior [ RunTime:0.001000s ]
INFO: [ app_end ] --END-- [ RunTime:0.001000s ]

[ 2016-10-12T12:30:31+08:00 ] ::1 /index.php?m=admin&c=cate&a=getCate&lang=1
INFO: [ app_init ] --START--
INFO: Run Behavior\BuildLiteBehavior [ RunTime:0.000000s ]
INFO: [ app_init ] --END-- [ RunTime:0.001000s ]
INFO: [ app_begin ] --START--
INFO: Run Behavior\ReadHtmlCacheBehavior [ RunTime:0.001000s ]
INFO: [ app_begin ] --END-- [ RunTime:0.001000s ]
SQL: SELECT * FROM cate c INNER JOIN type t on c.tid=t.tid   WHERE ( c.parent=0 and c.lang=1 and c.hide=1 ) ORDER BY c.order1  [ RunTime:0.0080s ]
SQL: SELECT * FROM cate c INNER JOIN type t on c.tid=t.tid   WHERE ( c.parent=27 ) ORDER BY c.order1  [ RunTime:0.0080s ]
SQL: SELECT * FROM cate c INNER JOIN type t on c.tid=t.tid   WHERE ( c.parent=28 ) ORDER BY c.order1  [ RunTime:0.0090s ]

[ 2016-10-12T12:30:33+08:00 ] ::1 /index.php?m=Admin&c=List&a=listAdd
INFO: [ app_init ] --START--
INFO: Run Behavior\BuildLiteBehavior [ RunTime:0.000000s ]
INFO: [ app_init ] --END-- [ RunTime:0.001000s ]
INFO: [ app_begin ] --START--
INFO: Run Behavior\ReadHtmlCacheBehavior [ RunTime:0.001000s ]
INFO: [ app_begin ] --END-- [ RunTime:0.001000s ]
SQL: SELECT * FROM `cate` WHERE ( tid=2 )  [ RunTime:0.0010s ]
INFO: [ view_parse ] --START--
INFO: [ template_filter ] --START--
INFO: Run Behavior\ContentReplaceBehavior [ RunTime:0.000000s ]
INFO: [ template_filter ] --END-- [ RunTime:0.000000s ]
INFO: Run Behavior\ParseTemplateBehavior [ RunTime:0.012000s ]
INFO: [ view_parse ] --END-- [ RunTime:0.012000s ]
INFO: [ view_filter ] --START--
INFO: Run Behavior\WriteHtmlCacheBehavior [ RunTime:0.001000s ]
INFO: [ view_filter ] --END-- [ RunTime:0.001000s ]
INFO: [ app_end ] --START--
INFO: Run Behavior\ShowPageTraceBehavior [ RunTime:0.002001s ]
INFO: [ app_end ] --END-- [ RunTime:0.002001s ]

[ 2016-10-12T14:51:41+08:00 ] ::1 /index.php?m=admin&c=admin&=index
INFO: [ app_init ] --START--
INFO: Run Behavior\BuildLiteBehavior [ RunTime:0.000000s ]
INFO: [ app_init ] --END-- [ RunTime:0.000000s ]
INFO: [ app_begin ] --START--
INFO: Run Behavior\ReadHtmlCacheBehavior [ RunTime:0.000000s ]
INFO: [ app_begin ] --END-- [ RunTime:0.010000s ]
INFO: [ view_parse ] --START--
INFO: [ template_filter ] --START--
INFO: Run Behavior\ContentReplaceBehavior [ RunTime:0.000000s ]
INFO: [ template_filter ] --END-- [ RunTime:0.000000s ]
INFO: Run Behavior\ParseTemplateBehavior [ RunTime:0.010000s ]
INFO: [ view_parse ] --END-- [ RunTime:0.010000s ]
INFO: [ view_filter ] --START--
INFO: Run Behavior\WriteHtmlCacheBehavior [ RunTime:0.000000s ]
INFO: [ view_filter ] --END-- [ RunTime:0.000000s ]
INFO: [ app_end ] --START--
INFO: Run Behavior\ShowPageTraceBehavior [ RunTime:0.000000s ]
INFO: [ app_end ] --END-- [ RunTime:0.000000s ]

